c:\users\kacper\documents\visual studio 2015\projects\rpg\rpg\debug\vc140.pdb
c:\users\kacper\documents\visual studio 2015\projects\rpg\rpg\debug\vc140.idb
c:\users\kacper\documents\visual studio 2015\projects\rpg\rpg\debug\source.obj
c:\users\kacper\documents\visual studio 2015\projects\rpg\rpg\debug\player.obj
c:\users\kacper\documents\visual studio 2015\projects\rpg — kopia\rpg\debug\vc140.pdb
c:\users\kacper\documents\visual studio 2015\projects\rpg — kopia\rpg\debug\vc140.idb
c:\users\kacper\documents\visual studio 2015\projects\rpg — kopia\rpg\debug\player.obj
c:\users\kacper\documents\visual studio 2015\projects\rpg — kopia\rpg\debug\source.obj
c:\users\kacper\documents\visual studio 2015\projects\rpg — kopia\rpg\debug\game.nativecodeanalysis.xml
c:\users\kacper\documents\visual studio 2015\projects\rpg — kopia\rpg\debug\monster.nativecodeanalysis.xml
c:\users\kacper\documents\visual studio 2015\projects\rpg — kopia\rpg\debug\player.nativecodeanalysis.xml
c:\users\kacper\documents\visual studio 2015\projects\rpg — kopia\rpg\debug\source.nativecodeanalysis.xml
c:\users\kacper\documents\visual studio 2015\projects\rpg — kopia\rpg\debug\world.nativecodeanalysis.xml
c:\users\kacper\documents\visual studio 2015\projects\rpg — kopia\rpg\debug\world.obj
c:\users\kacper\documents\visual studio 2015\projects\rpg — kopia\rpg\debug\monster.obj
c:\users\kacper\documents\visual studio 2015\projects\rpg — kopia\rpg\debug\game.obj
c:\users\kacper\documents\visual studio 2015\projects\rpg\debug\rpg.ilk
c:\users\kacper\documents\visual studio 2015\projects\rpg\debug\rpg.exe
c:\users\kacper\documents\visual studio 2015\projects\rpg\debug\rpg.pdb
c:\users\kacper\documents\visual studio 2015\projects\rpg — kopia\debug\rpg.ilk
c:\users\kacper\documents\visual studio 2015\projects\rpg — kopia\debug\rpg.exe
c:\users\kacper\documents\visual studio 2015\projects\rpg — kopia\debug\rpg.pdb
c:\users\kacper\documents\visual studio 2015\projects\rpg — kopia\rpg\debug\source.obj.enc
c:\users\kacper\documents\visual studio 2015\projects\rpg — kopia\rpg\debug\nativecodeanalysis.read.1.tlog
c:\users\kacper\documents\visual studio 2015\projects\rpg — kopia\rpg\debug\vc.nativecodeanalysis.all.xml
c:\users\kacper\documents\visual studio 2015\projects\rpg — kopia\debug\rpg.exe.lastcodeanalysissucceeded
c:\users\kacper\documents\visual studio 2015\projects\rpg — kopia\rpg\debug\rpg.tlog\cl.command.1.tlog
c:\users\kacper\documents\visual studio 2015\projects\rpg — kopia\rpg\debug\rpg.tlog\cl.read.1.tlog
c:\users\kacper\documents\visual studio 2015\projects\rpg — kopia\rpg\debug\rpg.tlog\cl.write.1.tlog
c:\users\kacper\documents\visual studio 2015\projects\rpg — kopia\rpg\debug\rpg.tlog\link.command.1.tlog
c:\users\kacper\documents\visual studio 2015\projects\rpg — kopia\rpg\debug\rpg.tlog\link.read.1.tlog
c:\users\kacper\documents\visual studio 2015\projects\rpg — kopia\rpg\debug\rpg.tlog\link.write.1.tlog
